#
# A fatal error has been detected by the Java Runtime Environment:
#
#  EXCEPTION_ACCESS_VIOLATION (0xc0000005) at pc=0x0000000074aff3bb, pid=11136, tid=0x0000000000002ea8
#
# JRE version: OpenJDK Runtime Environment (8.0_152-b06) (build 1.8.0_152-release-1136-b06)
# Java VM: OpenJDK 64-Bit Server VM (25.152-b06 mixed mode windows-amd64 compressed oops)
# Problematic frame:
# V  [jvm.dll+0xef3bb]
#
# Failed to write core dump. Minidumps are not enabled by default on client versions of Windows
#
# If you would like to submit a bug report, please visit:
#   http://bugreport.java.com/bugreport/crash.jsp
#

---------------  T H R E A D  ---------------

Current thread (0x0000000003171000):  GCTaskThread [stack: 0x0000000013270000,0x0000000013370000] [id=11944]

siginfo: ExceptionCode=0xc0000005, reading address 0x000000041a02e6c8

Registers:
RAX=0x0000000013570000, RBX=0x0000000083421700, RCX=0x0000000000000003, RDX=0x0000000000000001
RSP=0x000000001336f5a0, RBP=0x0000000083807f60, RSI=0x0000000003247680, RDI=0x0000000003247680
R8 =0x000000041a02e6c0, R9 =0x0000000100061a20, R10=0x000000000000000c, R11=0x0000000074fd8888
R12=0x0000000083807f68, R13=0x0000000100061cd0, R14=0x0000000100061cd8, R15=0x0000000083807f50
RIP=0x0000000074aff3bb, EFLAGS=0x0000000000010206

Top of Stack: (sp=0x000000001336f5a0)
0x000000001336f5a0:   0000000100061a20 0000000083807f4c
0x000000001336f5b0:   0000000000000003 0000000074c05fd2
0x000000001336f5c0:   0000000000000000 0000000003171840
0x000000001336f5d0:   0000000003160170 000226b60000000c
0x000000001336f5e0:   000226b50000000c 0000000074dd3de0
0x000000001336f5f0:   00000000190a90a0 0000000000000000
0x000000001336f600:   0000000003247680 0000000075024968
0x000000001336f610:   000226b50000000c 000226b60000000c
0x000000001336f620:   00000000751d5aa0 0000000000000002
0x000000001336f630:   0000000000000000 0000000100000230
0x000000001336f640:   00000000837fc868 0000000074aff456
0x000000001336f650:   00000000837fc868 0000000003160170
0x000000001336f660:   0000000003171850 0000000003171840
0x000000001336f670:   0000000075024968 0000000000000005
0x000000001336f680:   000000001a393420 0000000000000000
0x000000001336f690:   0000000003247680 0000000074dd179f 

Instructions: (pc=0x0000000074aff3bb)
0x0000000074aff39b:   6c 00 84 d2 74 16 44 8b 43 08 8b 0d ad d2 66 00
0x0000000074aff3ab:   49 d3 e0 4c 03 05 9b d2 66 00 eb 04 4c 8b 43 08
0x0000000074aff3bb:   45 8b 48 08 45 85 c9 7e 0c 41 f6 c1 01 75 4b 41
0x0000000074aff3cb:   c1 f9 03 eb 57 79 43 84 d2 41 8b c9 b8 10 00 00 


Register to memory mapping:

RAX=0x0000000013570000 is an unknown value
RBX=0x0000000083421700 is pointing into object: 0x00000000834216f8
com.example.immutable.NonEmptyImList 
 - klass: 'com/example/immutable/NonEmptyImList'
RCX=0x0000000000000003 is an unknown value
RDX=0x0000000000000001 is an unknown value
RSP=0x000000001336f5a0 is an unknown value
RBP=0x0000000083807f60 is pointing into object: 0x0000000083807f50
com.example.immutable.NonEmptyImList 
 - klass: 'com/example/immutable/NonEmptyImList'
RSI=0x0000000003247680 is an unknown value
RDI=0x0000000003247680 is an unknown value
R8 =0x000000041a02e6c0 is an unknown value
R9 =0x0000000100061a20 is pointing into metadata
R10=0x000000000000000c is an unknown value
R11=0x0000000074fd8888 is an unknown value
R12=0x0000000083807f68 is an oop
com.example.immutable.NonEmptyImList 
 - klass: 'com/example/immutable/NonEmptyImList'
R13=0x0000000100061cd0 is pointing into metadata
R14=0x0000000100061cd8 is pointing into metadata
R15=0x0000000083807f50 is an oop
com.example.immutable.NonEmptyImList 
 - klass: 'com/example/immutable/NonEmptyImList'


Stack: [0x0000000013270000,0x0000000013370000],  sp=0x000000001336f5a0,  free space=1021k
Native frames: (J=compiled Java code, j=interpreted, Vv=VM code, C=native code)
V  [jvm.dll+0xef3bb]
V  [jvm.dll+0x3c3de0]
V  [jvm.dll+0x3c179f]
V  [jvm.dll+0x3bec9e]
V  [jvm.dll+0x26d9aa]
C  [msvcr100.dll+0x21d9f]
C  [msvcr100.dll+0x21e3b]
C  [KERNEL32.DLL+0x13034]
C  [ntdll.dll+0x71461]


---------------  P R O C E S S  ---------------

Java Threads: ( => current thread )
  0x000000001a28b000 JavaThread "Monitor Ctrl-Break" daemon [_thread_in_native, id=9596, stack(0x000000001ae60000,0x000000001af60000)]
  0x000000001a1a5800 JavaThread "Service Thread" daemon [_thread_blocked, id=13940, stack(0x000000001ac60000,0x000000001ad60000)]
  0x000000001a113800 JavaThread "C1 CompilerThread3" daemon [_thread_blocked, id=10808, stack(0x000000001ab60000,0x000000001ac60000)]
  0x000000001a108800 JavaThread "C2 CompilerThread2" daemon [_thread_blocked, id=9520, stack(0x000000001aa60000,0x000000001ab60000)]
  0x000000001a104800 JavaThread "C2 CompilerThread1" daemon [_thread_blocked, id=9788, stack(0x000000001a960000,0x000000001aa60000)]
  0x000000001a102800 JavaThread "C2 CompilerThread0" daemon [_thread_blocked, id=244, stack(0x000000001a860000,0x000000001a960000)]
  0x000000001a0fe000 JavaThread "Attach Listener" daemon [_thread_blocked, id=3232, stack(0x000000001a760000,0x000000001a860000)]
  0x000000001a0fd800 JavaThread "Signal Dispatcher" daemon [_thread_blocked, id=15724, stack(0x000000001a660000,0x000000001a760000)]
  0x000000001a090800 JavaThread "Finalizer" daemon [_thread_blocked, id=12452, stack(0x000000001a470000,0x000000001a570000)]
  0x00000000181ab000 JavaThread "Reference Handler" daemon [_thread_blocked, id=8824, stack(0x0000000019f70000,0x000000001a070000)]
  0x0000000003154000 JavaThread "main" [_thread_blocked, id=2772, stack(0x0000000002cc0000,0x0000000002dc0000)]

Other Threads:
  0x00000000181a5000 VMThread [stack: 0x0000000019e70000,0x0000000019f70000] [id=8896]
  0x000000001a1a6800 WatcherThread [stack: 0x000000001ad60000,0x000000001ae60000] [id=15652]

=>0x0000000003171000 (exited) GCTaskThread [stack: 0x0000000013270000,0x0000000013370000] [id=11944]

VM state:at safepoint (normal execution)

VM Mutex/Monitor currently owned by a thread:  ([mutex/lock_event])
[0x00000000031508d0] Threads_lock - owner thread: 0x00000000181a5000
[0x0000000003150150] Heap_lock - owner thread: 0x0000000003154000

Heap:
 PSYoungGen      total 70656K, used 5096K [0x00000000d6700000, 0x00000000db100000, 0x0000000100000000)
  eden space 65536K, 0% used [0x00000000d6700000,0x00000000d6700000,0x00000000da700000)
  from space 5120K, 99% used [0x00000000dac00000,0x00000000db0fa040,0x00000000db100000)
  to   space 5120K, 0% used [0x00000000da700000,0x00000000da700000,0x00000000dac00000)
 ParOldGen       total 86016K, used 56088K [0x0000000083400000, 0x0000000088800000, 0x00000000d6700000)
  object space 86016K, 65% used [0x0000000083400000,0x0000000086ac6000,0x0000000088800000)
 Metaspace       used 3604K, capacity 4600K, committed 4864K, reserved 1056768K
  class space    used 370K, capacity 424K, committed 512K, reserved 1048576K

Card table byte_map: [0x00000000126e0000,0x0000000012ad0000] byte_map_base: 0x00000000122c6000

Marking Bits: (ParMarkBitMap*) 0x00000000751d5aa0
 Begin Bits: [0x0000000013570000, 0x00000000154a0000)
 End Bits:   [0x00000000154a0000, 0x00000000173d0000)

Polling page: 0x0000000000f60000

CodeCache: size=245760Kb used=1698Kb max_used=1711Kb free=244061Kb
 bounds [0x0000000003320000, 0x0000000003590000, 0x0000000012320000]
 total_blobs=478 nmethods=222 adapters=170
 compilation: enabled

Compilation events (10 events):
Event: 0.858 Thread 0x000000001a102800 nmethod 218 0x00000000034c5d10 code [0x00000000034c5e60, 0x00000000034c5f98]
Event: 0.860 Thread 0x000000001a108800 nmethod 216 0x00000000034ca950 code [0x00000000034caac0, 0x00000000034cb198]
Event: 0.886 Thread 0x000000001a104800  219       4       java.lang.Integer::parseInt (7 bytes)
Event: 0.886 Thread 0x000000001a102800  220       4       java.util.regex.Matcher::find (69 bytes)
Event: 0.886 Thread 0x000000001a108800  221       4       java.util.ArrayList$Itr::hasNext (20 bytes)
Event: 0.886 Thread 0x000000001a108800 nmethod 221 0x00000000034c6a90 code [0x00000000034c6bc0, 0x00000000034c6c58]
Event: 0.886 Thread 0x000000001a108800  222       4       java.lang.String::subSequence (7 bytes)
Event: 0.890 Thread 0x000000001a102800 nmethod 220 0x00000000034c54d0 code [0x00000000034c5620, 0x00000000034c5918]
Event: 0.891 Thread 0x000000001a108800 nmethod 222 0x00000000034c8490 code [0x00000000034c8600, 0x00000000034c8a18]
Event: 0.891 Thread 0x000000001a104800 nmethod 219 0x00000000034c9c90 code [0x00000000034c9de0, 0x00000000034ca3b8]

GC Heap History (5 events):
Event: 0.797 GC heap before
{Heap before GC invocations=1 (full 0):
 PSYoungGen      total 37888K, used 32768K [0x00000000d6700000, 0x00000000d9100000, 0x0000000100000000)
  eden space 32768K, 100% used [0x00000000d6700000,0x00000000d8700000,0x00000000d8700000)
  from space 5120K, 0% used [0x00000000d8c00000,0x00000000d8c00000,0x00000000d9100000)
  to   space 5120K, 0% used [0x00000000d8700000,0x00000000d8700000,0x00000000d8c00000)
 ParOldGen       total 86016K, used 0K [0x0000000083400000, 0x0000000088800000, 0x00000000d6700000)
  object space 86016K, 0% used [0x0000000083400000,0x0000000083400000,0x0000000088800000)
 Metaspace       used 3603K, capacity 4600K, committed 4864K, reserved 1056768K
  class space    used 370K, capacity 424K, committed 512K, reserved 1048576K
Event: 0.831 GC heap after
Heap after GC invocations=1 (full 0):
 PSYoungGen      total 37888K, used 5096K [0x00000000d6700000, 0x00000000db100000, 0x0000000100000000)
  eden space 32768K, 0% used [0x00000000d6700000,0x00000000d6700000,0x00000000d8700000)
  from space 5120K, 99% used [0x00000000d8700000,0x00000000d8bfa020,0x00000000d8c00000)
  to   space 5120K, 0% used [0x00000000dac00000,0x00000000dac00000,0x00000000db100000)
 ParOldGen       total 86016K, used 24008K [0x0000000083400000, 0x0000000088800000, 0x00000000d6700000)
  object space 86016K, 27% used [0x0000000083400000,0x0000000084b72000,0x0000000088800000)
 Metaspace       used 3603K, capacity 4600K, committed 4864K, reserved 1056768K
  class space    used 370K, capacity 424K, committed 512K, reserved 1048576K
}
Event: 0.905 GC heap before
{Heap before GC invocations=2 (full 0):
 PSYoungGen      total 37888K, used 37864K [0x00000000d6700000, 0x00000000db100000, 0x0000000100000000)
  eden space 32768K, 100% used [0x00000000d6700000,0x00000000d8700000,0x00000000d8700000)
  from space 5120K, 99% used [0x00000000d8700000,0x00000000d8bfa020,0x00000000d8c00000)
  to   space 5120K, 0% used [0x00000000dac00000,0x00000000dac00000,0x00000000db100000)
 ParOldGen       total 86016K, used 24008K [0x0000000083400000, 0x0000000088800000, 0x00000000d6700000)
  object space 86016K, 27% used [0x0000000083400000,0x0000000084b72000,0x0000000088800000)
 Metaspace       used 3604K, capacity 4600K, committed 4864K, reserved 1056768K
  class space    used 370K, capacity 424K, committed 512K, reserved 1048576K
Event: 0.940 GC heap after
Heap after GC invocations=2 (full 0):
 PSYoungGen      total 70656K, used 5096K [0x00000000d6700000, 0x00000000db100000, 0x0000000100000000)
  eden space 65536K, 0% used [0x00000000d6700000,0x00000000d6700000,0x00000000da700000)
  from space 5120K, 99% used [0x00000000dac00000,0x00000000db0fa040,0x00000000db100000)
  to   space 5120K, 0% used [0x00000000da700000,0x00000000da700000,0x00000000dac00000)
 ParOldGen       total 86016K, used 56088K [0x0000000083400000, 0x0000000088800000, 0x00000000d6700000)
  object space 86016K, 65% used [0x0000000083400000,0x0000000086ac6000,0x0000000088800000)
 Metaspace       used 3604K, capacity 4600K, committed 4864K, reserved 1056768K
  class space    used 370K, capacity 424K, committed 512K, reserved 1048576K
}
Event: 0.940 GC heap before
{Heap before GC invocations=3 (full 1):
 PSYoungGen      total 70656K, used 5096K [0x00000000d6700000, 0x00000000db100000, 0x0000000100000000)
  eden space 65536K, 0% used [0x00000000d6700000,0x00000000d6700000,0x00000000da700000)
  from space 5120K, 99% used [0x00000000dac00000,0x00000000db0fa040,0x00000000db100000)
  to   space 5120K, 0% used [0x00000000da700000,0x00000000da700000,0x00000000dac00000)
 ParOldGen       total 86016K, used 56088K [0x0000000083400000, 0x0000000088800000, 0x00000000d6700000)
  object space 86016K, 65% used [0x0000000083400000,0x0000000086ac6000,0x0000000088800000)
 Metaspace       used 3604K, capacity 4600K, committed 4864K, reserved 1056768K
  class space    used 370K, capacity 424K, committed 512K, reserved 1048576K

Deoptimization events (0 events):
No events

Classes redefined (0 events):
No events

Internal exceptions (2 events):
Event: 0.039 Thread 0x0000000003154000 Exception <a 'java/lang/NoSuchMethodError': Method sun.misc.Unsafe.defineClass(Ljava/lang/String;[BII)Ljava/lang/Class; name or signature does not match> (0x00000000d6707ca8) thrown at [D:\src\AOSP-openjdk-cygwin\jdk8u\hotspot\src\share\vm\prims\jni.cpp, 
Event: 0.039 Thread 0x0000000003154000 Exception <a 'java/lang/NoSuchMethodError': Method sun.misc.Unsafe.prefetchRead(Ljava/lang/Object;J)V name or signature does not match> (0x00000000d6707f90) thrown at [D:\src\AOSP-openjdk-cygwin\jdk8u\hotspot\src\share\vm\prims\jni.cpp, line 4011]

Events (10 events):
Event: 0.259 loading class java/util/LinkedList$Node
Event: 0.259 loading class java/net/Socket$2 done
Event: 0.259 loading class java/net/SocketInputStream
Event: 0.259 loading class java/util/LinkedList$Node done
Event: 0.259 loading class java/net/SocketInputStream done
Event: 0.259 loading class sun/nio/cs/US_ASCII$Decoder
Event: 0.259 loading class sun/nio/cs/US_ASCII$Decoder done
Event: 0.797 Executing VM operation: ParallelGCFailedAllocation
Event: 0.831 Executing VM operation: ParallelGCFailedAllocation done
Event: 0.905 Executing VM operation: ParallelGCFailedAllocation


Dynamic libraries:
0x00007ff77fc20000 - 0x00007ff77fc51000 	C:\Program Files\Android\Android Studio\jre\bin\java.exe
0x00007fff9fb30000 - 0x00007fff9fd11000 	C:\WINDOWS\SYSTEM32\ntdll.dll
0x00007fff9f3a0000 - 0x00007fff9f452000 	C:\WINDOWS\System32\KERNEL32.DLL
0x00007fff9c850000 - 0x00007fff9cac3000 	C:\WINDOWS\System32\KERNELBASE.dll
0x00007fff9d6b0000 - 0x00007fff9d751000 	C:\WINDOWS\System32\ADVAPI32.dll
0x00007fff9d240000 - 0x00007fff9d2de000 	C:\WINDOWS\System32\msvcrt.dll
0x00007fff9f1b0000 - 0x00007fff9f20b000 	C:\WINDOWS\System32\sechost.dll
0x00007fff9d760000 - 0x00007fff9d884000 	C:\WINDOWS\System32\RPCRT4.dll
0x00007fff9efe0000 - 0x00007fff9f170000 	C:\WINDOWS\System32\USER32.dll
0x00007fff9cc80000 - 0x00007fff9cca0000 	C:\WINDOWS\System32\win32u.dll
0x00007fff9f4e0000 - 0x00007fff9f508000 	C:\WINDOWS\System32\GDI32.dll
0x00007fff9c610000 - 0x00007fff9c7a2000 	C:\WINDOWS\System32\gdi32full.dll
0x00007fff9c7b0000 - 0x00007fff9c84f000 	C:\WINDOWS\System32\msvcp_win.dll
0x00007fff9cb80000 - 0x00007fff9cc7a000 	C:\WINDOWS\System32\ucrtbase.dll
0x00007fff8ce60000 - 0x00007fff8d0c9000 	C:\WINDOWS\WinSxS\amd64_microsoft.windows.common-controls_6595b64144ccf1df_6.0.17134.345_none_fb429a5930656358\COMCTL32.dll
0x00007fff9d380000 - 0x00007fff9d6a3000 	C:\WINDOWS\System32\combase.dll
0x00007fff9cf40000 - 0x00007fff9cfba000 	C:\WINDOWS\System32\bcryptPrimitives.dll
0x00007fff9f180000 - 0x00007fff9f1ad000 	C:\WINDOWS\System32\IMM32.DLL
0x0000000074460000 - 0x0000000074532000 	C:\Program Files\Android\Android Studio\jre\jre\bin\msvcr100.dll
0x0000000074a10000 - 0x0000000075251000 	C:\Program Files\Android\Android Studio\jre\jre\bin\server\jvm.dll
0x00007fff9efd0000 - 0x00007fff9efd8000 	C:\WINDOWS\System32\PSAPI.DLL
0x00007fff97660000 - 0x00007fff97683000 	C:\WINDOWS\SYSTEM32\WINMM.dll
0x00007fff7fe10000 - 0x00007fff7fe19000 	C:\WINDOWS\SYSTEM32\WSOCK32.dll
0x00007fff912b0000 - 0x00007fff912ba000 	C:\WINDOWS\SYSTEM32\VERSION.dll
0x00007fff9d1d0000 - 0x00007fff9d23c000 	C:\WINDOWS\System32\WS2_32.dll
0x00007fff97600000 - 0x00007fff9762a000 	C:\WINDOWS\SYSTEM32\winmmbase.dll
0x00007fff9cb30000 - 0x00007fff9cb79000 	C:\WINDOWS\System32\cfgmgr32.dll
0x00007fff78360000 - 0x00007fff7836f000 	C:\Program Files\Android\Android Studio\jre\jre\bin\verify.dll
0x00007fff4d690000 - 0x00007fff4d6b9000 	C:\Program Files\Android\Android Studio\jre\jre\bin\java.dll
0x00007fff4d670000 - 0x00007fff4d686000 	C:\Program Files\Android\Android Studio\jre\jre\bin\zip.dll
0x00007fff9db70000 - 0x00007fff9efaf000 	C:\WINDOWS\System32\SHELL32.dll
0x00007fff9d120000 - 0x00007fff9d1c9000 	C:\WINDOWS\System32\shcore.dll
0x00007fff9bf00000 - 0x00007fff9c60d000 	C:\WINDOWS\System32\windows.storage.dll
0x00007fff9f210000 - 0x00007fff9f261000 	C:\WINDOWS\System32\shlwapi.dll
0x00007fff9be90000 - 0x00007fff9bea1000 	C:\WINDOWS\System32\kernel.appcore.dll
0x00007fff9bee0000 - 0x00007fff9beff000 	C:\WINDOWS\System32\profapi.dll
0x00007fff9be40000 - 0x00007fff9be8c000 	C:\WINDOWS\System32\powrprof.dll
0x00007fff9beb0000 - 0x00007fff9beba000 	C:\WINDOWS\System32\FLTLIB.DLL
0x00007fff999a0000 - 0x00007fff999ba000 	C:\Program Files\Android\Android Studio\bin\breakgen64.dll
0x00007fff4ba90000 - 0x00007fff4baaa000 	C:\Program Files\Android\Android Studio\jre\jre\bin\net.dll
0x00007fff9b6c0000 - 0x00007fff9b726000 	C:\WINDOWS\system32\mswsock.dll
0x00007fff77840000 - 0x00007fff77a09000 	C:\WINDOWS\SYSTEM32\dbghelp.dll

VM Arguments:
jvm_args: -Didea.launcher.port=50680 -Didea.launcher.bin.path=C:\Program Files\Android\Android Studio\bin -Dfile.encoding=UTF-8 
java_command: com.intellij.rt.execution.application.AppMainV2 com.example.sat.SATSolverTest
java_class_path (initial): C:\Users\Windows 10\AppData\Local\Android\Sdk\platforms\android-28\android.jar;C:\Users\Windows 10\AppData\Local\Android\Sdk\platforms\android-28\data\res;C:\Users\Windows 10\AndroidStudioProjects\poject2d\app\build\intermediates\javac\debug\compileDebugJavaWithJavac\classes;C:\Users\Windows 10\AndroidStudioProjects\poject2d\app\build\generated\res\rs\debug;C:\Users\Windows 10\AndroidStudioProjects\poject2d\app\build\generated\res\resValues\debug;C:\Users\Windows 10\.gradle\caches\transforms-1\files-1.1\customview-28.0.0.aar\72c66c0a0c2ac16c8b9160cb3e3a3593\jars\classes.jar;C:\Users\Windows 10\.gradle\caches\transforms-1\files-1.1\localbroadcastmanager-28.0.0.aar\094e030d2e26c52978779004fb0fc120\jars\classes.jar;C:\Users\Windows 10\.gradle\caches\transforms-1\files-1.1\support-vector-drawable-28.0.0.aar\e8a1786fd20cd091d0b252e0bb990897\jars\classes.jar;C:\Users\Windows 10\.gradle\caches\transforms-1\files-1.1\interpolator-28.0.0.aar\b371d2cd29651b1090ff009db6c531cd\jars\classes.jar;C:\Users\Windows 10\.gradle\caches\transforms-1\files-1.1\support-core-utils-28.0.0.aar\a138e04f65512ab6c4af38b5134cd8e0\jars\classes.jar;C:\Users\Windows 10\.gradle\caches\transforms-1\files-1.1\support-core-ui-28.0.0.aar\9621a4d57c68172764c236e30bc00b60\jars\classes.jar;C:\Users\Windows 10\.gradle\caches\transforms-1\files-1.1\slidingpanelayout-28.0.0.aar\a8279e02c0b3f986d6d65416d9fa22a3\jars\classes.jar;C:\Users\Windows 10\.gradle\caches\transforms-1\files-1.1\viewmodel-1.1.1.aar\f3f495f9d646bc72b2511b8911c5c125\jars\classes.jar;C:\Users\Windows 10\.gradle\caches\transforms-1\files-1.1\drawerlayout-28.0.0.aar\a3225770c219edad22ea7f8d23d05ac7\jars\classes.jar;C:\Users\Windows 10\.gradle\caches\transforms-1\files-1.1\coordinatorlayout-28.0.0.aar\18198887f449c81f7a4c72be8084eb81\res;C:\Users\Windows 10\.gradle\caches\transforms-1\files-1.1\coordinatorlayout-28.0.0.aar\18198887f449c81f7a4c72be8084eb81\jars\classes.jar;C:\Users\Windows 10\.gradle\caches\modules-
Launcher Type: SUN_STANDARD

Environment Variables:
PATH=C:\Program Files (x86)\Common Files\Oracle\Java\javapath;C:\WINDOWS\system32;C:\WINDOWS;C:\WINDOWS\System32\Wbem;C:\WINDOWS\System32\WindowsPowerShell\v1.0\;C:\WINDOWS\System32\OpenSSH\;C:\Program Files (x86)\Calibre2\;C:\Program Files\Microsoft VS Code\bin;C:\Users\Windows 10\Anaconda3;C:\Users\Windows 10\Anaconda3\Library\mingw-w64\bin;C:\Users\Windows 10\Anaconda3\Library\usr\bin;C:\Users\Windows 10\Anaconda3\Library\bin;C:\Users\Windows 10\Anaconda3\Scripts;C:\Users\Windows 10\AppData\Local\Microsoft\WindowsApps
USERNAME=Windows 10
OS=Windows_NT
PROCESSOR_IDENTIFIER=Intel64 Family 6 Model 94 Stepping 3, GenuineIntel



---------------  S Y S T E M  ---------------

OS: Windows 10.0 , 64 bit Build 17134 (10.0.17134.1)

CPU:total 8 (initial active 8) (4 cores per cpu, 2 threads per core) family 6 model 94 stepping 3, cmov, cx8, fxsr, mmx, sse, sse2, sse3, ssse3, sse4.1, sse4.2, popcnt, avx, avx2, aes, clmul, erms, rtm, 3dnowpref, lzcnt, ht, tsc, tscinvbit, bmi1, bmi2, adx

Memory: 4k page, physical 8175468k(1798712k free), swap 9682796k(2281996k free)

vm_info: OpenJDK 64-Bit Server VM (25.152-b06) for windows-amd64 JRE (1.8.0_152-release-1136-b06), built by "builder" with MS VC++ 10.0 (VS2010)

time: Wed Oct 17 23:45:41 2018
elapsed time: 1 seconds (0d 0h 0m 1s)

