#
# A fatal error has been detected by the Java Runtime Environment:
#
#  EXCEPTION_ACCESS_VIOLATION (0xc0000005) at pc=0x000000006772f33b, pid=1464, tid=0x00000000000040e0
#
# JRE version: OpenJDK Runtime Environment (8.0_152-b02) (build 1.8.0_152-release-1024-b02)
# Java VM: OpenJDK 64-Bit Server VM (25.152-b02 mixed mode windows-amd64 compressed oops)
# Problematic frame:
# V  [jvm.dll+0xef33b]
#
# Failed to write core dump. Minidumps are not enabled by default on client versions of Windows
#
# If you would like to submit a bug report, please visit:
#   http://bugreport.java.com/bugreport/crash.jsp
#

---------------  T H R E A D  ---------------

Current thread (0x000000000328c800):  GCTaskThread [stack: 0x00000000130c0000,0x00000000131c0000] [id=16608]

siginfo: ExceptionCode=0xc0000005, reading address 0x00000004dcb02508

Registers:
RAX=0x00000000135c0000, RBX=0x000000009ba65070, RCX=0x0000000000000003, RDX=0x0000000000000001
RSP=0x00000000131bf6e0, RBP=0x00000000a5918f60, RSI=0x0000000003365e40, RDI=0x0000000003365e40
R8 =0x00000004dcb02500, R9 =0x0000000100062028, R10=0x000000000000000c, R11=0x0000000067c08848
R12=0x00000000a5918f68, R13=0x00000001000622d8, R14=0x00000001000622e0, R15=0x00000000a5918f50
RIP=0x000000006772f33b, EFLAGS=0x0000000000010206

Top of Stack: (sp=0x00000000131bf6e0)
0x00000000131bf6e0:   0000000100062028 00000000a5918f4c
0x00000000131bf6f0:   0000000000000003 0000000067835f72
0x00000000131bf700:   0000000000000000 000000000328cef0
0x00000000131bf710:   00000000032834e0 0000000000000003
0x00000000131bf720:   0000000000000cb9 0000000067a04030
0x00000000131bf730:   0000000018ee5608 0000000000000000
0x00000000131bf740:   0000000003365e40 0000000067c548c8
0x00000000131bf750:   00000000b758f3d8 0000000067a07f68
0x00000000131bf760:   0000000067e04970 0000000000000003
0x00000000131bf770:   0000000000000000 0027f8ad00000b0c
0x00000000131bf780:   00000000b758f1a0 000000006772f3d6
0x00000000131bf790:   00000000b758f3d8 00000000032834e0
0x00000000131bf7a0:   000000000328cf00 000000000328cef0
0x00000000131bf7b0:   0000000067c548c8 0000000000000003
0x00000000131bf7c0:   000000001a1fd910 0000000000000000
0x00000000131bf7d0:   0000000003365e40 0000000067a0199f 

Instructions: (pc=0x000000006772f33b)
0x000000006772f31b:   6c 00 84 d2 74 16 44 8b 43 08 8b 0d 2d c3 66 00
0x000000006772f32b:   49 d3 e0 4c 03 05 1b c3 66 00 eb 04 4c 8b 43 08
0x000000006772f33b:   45 8b 48 08 45 85 c9 7e 0c 41 f6 c1 01 75 4b 41
0x000000006772f34b:   c1 f9 03 eb 57 79 43 84 d2 41 8b c9 b8 10 00 00 


Register to memory mapping:

RAX=0x00000000135c0000 is an unknown value
RBX=0x000000009ba65070 is pointing into object: 0x000000009ba65068
com.example.immutable.NonEmptyImList 
 - klass: 'com/example/immutable/NonEmptyImList'
RCX=0x0000000000000003 is an unknown value
RDX=0x0000000000000001 is an unknown value
RSP=0x00000000131bf6e0 is an unknown value
RBP=0x00000000a5918f60 is pointing into object: 0x00000000a5918f50
com.example.immutable.NonEmptyImList 
 - klass: 'com/example/immutable/NonEmptyImList'
RSI=0x0000000003365e40 is an unknown value
RDI=0x0000000003365e40 is an unknown value
R8 =0x00000004dcb02500 is an unknown value
R9 =0x0000000100062028 is pointing into metadata
R10=0x000000000000000c is an unknown value
R11=0x0000000067c08848 is an unknown value
R12=0x00000000a5918f68 is an oop
com.example.immutable.NonEmptyImList 
 - klass: 'com/example/immutable/NonEmptyImList'
R13=0x00000001000622d8 is pointing into metadata
R14=0x00000001000622e0 is pointing into metadata
R15=0x00000000a5918f50 is an oop
com.example.immutable.NonEmptyImList 
 - klass: 'com/example/immutable/NonEmptyImList'


Stack: [0x00000000130c0000,0x00000000131c0000],  sp=0x00000000131bf6e0,  free space=1021k
Native frames: (J=compiled Java code, j=interpreted, Vv=VM code, C=native code)
V  [jvm.dll+0xef33b]
V  [jvm.dll+0x3c4030]
V  [jvm.dll+0x3c199f]
V  [jvm.dll+0x3beb9e]
V  [jvm.dll+0x26d7ea]
C  [msvcr100.dll+0x21d9f]
C  [msvcr100.dll+0x21e3b]
C  [KERNEL32.DLL+0x13034]
C  [ntdll.dll+0x71461]


---------------  P R O C E S S  ---------------

Java Threads: ( => current thread )
  0x000000001a264800 JavaThread "Monitor Ctrl-Break" daemon [_thread_in_native, id=19012, stack(0x000000001aec0000,0x000000001afc0000)]
  0x000000001a1dc000 JavaThread "Service Thread" daemon [_thread_blocked, id=16456, stack(0x000000001acc0000,0x000000001adc0000)]
  0x000000001a170000 JavaThread "C1 CompilerThread3" daemon [_thread_blocked, id=8036, stack(0x000000001abc0000,0x000000001acc0000)]
  0x000000001a16a000 JavaThread "C2 CompilerThread2" daemon [_thread_blocked, id=4516, stack(0x000000001aac0000,0x000000001abc0000)]
  0x000000001820d800 JavaThread "C2 CompilerThread1" daemon [_thread_blocked, id=16344, stack(0x000000001a9c0000,0x000000001aac0000)]
  0x000000001a165000 JavaThread "C2 CompilerThread0" daemon [_thread_blocked, id=2880, stack(0x000000001a8c0000,0x000000001a9c0000)]
  0x000000001a160800 JavaThread "Attach Listener" daemon [_thread_blocked, id=19268, stack(0x000000001a7c0000,0x000000001a8c0000)]
  0x000000001a10e000 JavaThread "Signal Dispatcher" daemon [_thread_blocked, id=18232, stack(0x000000001a6c0000,0x000000001a7c0000)]
  0x000000001a0f0800 JavaThread "Finalizer" daemon [_thread_blocked, id=8400, stack(0x000000001a4d0000,0x000000001a5d0000)]
  0x0000000003367000 JavaThread "Reference Handler" daemon [_thread_blocked, id=17036, stack(0x0000000019fd0000,0x000000001a0d0000)]
  0x0000000003273000 JavaThread "main" [_thread_blocked, id=3236, stack(0x00000000030a0000,0x00000000031a0000)]

Other Threads:
  0x00000000181f5800 VMThread [stack: 0x0000000019ed0000,0x0000000019fd0000] [id=18244]
  0x000000001a1dd000 WatcherThread [stack: 0x000000001adc0000,0x000000001aec0000] [id=15516]

=>0x000000000328c800 (exited) GCTaskThread [stack: 0x00000000130c0000,0x00000000131c0000] [id=16608]

VM state:at safepoint (normal execution)

VM Mutex/Monitor currently owned by a thread:  ([mutex/lock_event])
[0x000000000326e100] Threads_lock - owner thread: 0x00000000181f5800
[0x000000000326e480] Heap_lock - owner thread: 0x0000000003273000

Heap:
 PSYoungGen      total 454144K, used 212K [0x00000000d6700000, 0x0000000100000000, 0x0000000100000000)
  eden space 227328K, 0% used [0x00000000d6700000,0x00000000d6700000,0x00000000e4500000)
  from space 226816K, 0% used [0x00000000e4500000,0x00000000e45352e0,0x00000000f2280000)
  to   space 226816K, 0% used [0x00000000f2280000,0x00000000f2280000,0x0000000100000000)
 ParOldGen       total 854528K, used 854009K [0x0000000083400000, 0x00000000b7680000, 0x00000000d6700000)
  object space 854528K, 99% used [0x0000000083400000,0x00000000b75fe4d0,0x00000000b7680000)
 Metaspace       used 3538K, capacity 4664K, committed 4864K, reserved 1056768K
  class space    used 366K, capacity 424K, committed 512K, reserved 1048576K

Card table byte_map: [0x0000000012730000,0x0000000012b20000] byte_map_base: 0x0000000012316000

Marking Bits: (ParMarkBitMap*) 0x0000000067e04970
 Begin Bits: [0x00000000135c0000, 0x00000000154f0000)
 End Bits:   [0x00000000154f0000, 0x0000000017420000)

Polling page: 0x00000000013a0000

CodeCache: size=245760Kb used=1686Kb max_used=1698Kb free=244073Kb
 bounds [0x0000000003370000, 0x00000000035e0000, 0x0000000012370000]
 total_blobs=491 nmethods=234 adapters=171
 compilation: enabled

Compilation events (10 events):
Event: 13.387 Thread 0x000000001a165000  230       4       java.lang.String::getChars (62 bytes)
Event: 13.387 Thread 0x000000001a16a000  231       4       java.lang.AbstractStringBuilder::append (50 bytes)
Event: 13.387 Thread 0x000000001820d800  232       4       java.lang.StringBuilder::append (8 bytes)
Event: 13.388 Thread 0x000000001a165000 nmethod 230 0x0000000003513a90 code [0x0000000003513be0, 0x0000000003513d58]
Event: 13.633 Thread 0x000000001a16a000 nmethod 231 0x0000000003513150 code [0x00000000035132a0, 0x00000000035136f8]
Event: 13.636 Thread 0x000000001820d800 nmethod 232 0x00000000035163d0 code [0x0000000003516520, 0x0000000003516958]
Event: 13.774 Thread 0x000000001a165000  233       4       java.lang.StringBuilder::toString (17 bytes)
Event: 13.774 Thread 0x000000001a16a000  234       4       java.lang.StringBuilder::<init> (7 bytes)
Event: 13.775 Thread 0x000000001a16a000 nmethod 234 0x0000000003516d90 code [0x0000000003516ee0, 0x0000000003516fd8]
Event: 13.777 Thread 0x000000001a165000 nmethod 233 0x0000000003515c50 code [0x0000000003515da0, 0x0000000003516118]

GC Heap History (10 events):
Event: 13.910 GC heap after
Heap after GC invocations=27 (full 4):
 PSYoungGen      total 454144K, used 222949K [0x00000000d6700000, 0x0000000100000000, 0x0000000100000000)
  eden space 227328K, 0% used [0x00000000d6700000,0x00000000d6700000,0x00000000e4500000)
  from space 226816K, 98% used [0x00000000e4500000,0x00000000f1eb9688,0x00000000f2280000)
  to   space 226816K, 0% used [0x00000000f2280000,0x00000000f2280000,0x0000000100000000)
 ParOldGen       total 838656K, used 630481K [0x0000000083400000, 0x00000000b6700000, 0x00000000d6700000)
  object space 838656K, 75% used [0x0000000083400000,0x00000000a9bb44c0,0x00000000b6700000)
 Metaspace       used 3538K, capacity 4664K, committed 4864K, reserved 1056768K
  class space    used 366K, capacity 424K, committed 512K, reserved 1048576K
}
Event: 13.929 GC heap before
{Heap before GC invocations=28 (full 4):
 PSYoungGen      total 454144K, used 450277K [0x00000000d6700000, 0x0000000100000000, 0x0000000100000000)
  eden space 227328K, 100% used [0x00000000d6700000,0x00000000e4500000,0x00000000e4500000)
  from space 226816K, 98% used [0x00000000e4500000,0x00000000f1eb9688,0x00000000f2280000)
  to   space 226816K, 0% used [0x00000000f2280000,0x00000000f2280000,0x0000000100000000)
 ParOldGen       total 838656K, used 630481K [0x0000000083400000, 0x00000000b6700000, 0x00000000d6700000)
  object space 838656K, 75% used [0x0000000083400000,0x00000000a9bb44c0,0x00000000b6700000)
 Metaspace       used 3538K, capacity 4664K, committed 4864K, reserved 1056768K
  class space    used 366K, capacity 424K, committed 512K, reserved 1048576K
Event: 14.044 GC heap after
Heap after GC invocations=28 (full 4):
 PSYoungGen      total 454144K, used 199089K [0x00000000d6700000, 0x0000000100000000, 0x0000000100000000)
  eden space 227328K, 0% used [0x00000000d6700000,0x00000000d6700000,0x00000000e4500000)
  from space 226816K, 87% used [0x00000000f2280000,0x00000000fe4ec640,0x0000000100000000)
  to   space 226816K, 0% used [0x00000000e4500000,0x00000000e4500000,0x00000000f2280000)
 ParOldGen       total 838656K, used 654537K [0x0000000083400000, 0x00000000b6700000, 0x00000000d6700000)
  object space 838656K, 78% used [0x0000000083400000,0x00000000ab3324c0,0x00000000b6700000)
 Metaspace       used 3538K, capacity 4664K, committed 4864K, reserved 1056768K
  class space    used 366K, capacity 424K, committed 512K, reserved 1048576K
}
Event: 14.064 GC heap before
{Heap before GC invocations=29 (full 4):
 PSYoungGen      total 454144K, used 426417K [0x00000000d6700000, 0x0000000100000000, 0x0000000100000000)
  eden space 227328K, 100% used [0x00000000d6700000,0x00000000e4500000,0x00000000e4500000)
  from space 226816K, 87% used [0x00000000f2280000,0x00000000fe4ec640,0x0000000100000000)
  to   space 226816K, 0% used [0x00000000e4500000,0x00000000e4500000,0x00000000f2280000)
 ParOldGen       total 838656K, used 654537K [0x0000000083400000, 0x00000000b6700000, 0x00000000d6700000)
  object space 838656K, 78% used [0x0000000083400000,0x00000000ab3324c0,0x00000000b6700000)
 Metaspace       used 3538K, capacity 4664K, committed 4864K, reserved 1056768K
  class space    used 366K, capacity 424K, committed 512K, reserved 1048576K
Event: 14.168 GC heap after
Heap after GC invocations=29 (full 4):
 PSYoungGen      total 454144K, used 148218K [0x00000000d6700000, 0x0000000100000000, 0x0000000100000000)
  eden space 227328K, 0% used [0x00000000d6700000,0x00000000d6700000,0x00000000e4500000)
  from space 226816K, 65% used [0x00000000e4500000,0x00000000ed5be930,0x00000000f2280000)
  to   space 226816K, 0% used [0x00000000f2280000,0x00000000f2280000,0x0000000100000000)
 ParOldGen       total 838656K, used 705433K [0x0000000083400000, 0x00000000b6700000, 0x00000000d6700000)
  object space 838656K, 84% used [0x0000000083400000,0x00000000ae4e64c0,0x00000000b6700000)
 Metaspace       used 3538K, capacity 4664K, committed 4864K, reserved 1056768K
  class space    used 366K, capacity 424K, committed 512K, reserved 1048576K
}
Event: 14.188 GC heap before
{Heap before GC invocations=30 (full 4):
 PSYoungGen      total 454144K, used 375527K [0x00000000d6700000, 0x0000000100000000, 0x0000000100000000)
  eden space 227328K, 99% used [0x00000000d6700000,0x00000000e44fb640,0x00000000e4500000)
  from space 226816K, 65% used [0x00000000e4500000,0x00000000ed5be930,0x00000000f2280000)
  to   space 226816K, 0% used [0x00000000f2280000,0x00000000f2280000,0x0000000100000000)
 ParOldGen       total 838656K, used 705433K [0x0000000083400000, 0x00000000b6700000, 0x00000000d6700000)
  object space 838656K, 84% used [0x0000000083400000,0x00000000ae4e64c0,0x00000000b6700000)
 Metaspace       used 3538K, capacity 4664K, committed 4864K, reserved 1056768K
  class space    used 366K, capacity 424K, committed 512K, reserved 1048576K
Event: 14.258 GC heap after
Heap after GC invocations=30 (full 4):
 PSYoungGen      total 454144K, used 116520K [0x00000000d6700000, 0x0000000100000000, 0x0000000100000000)
  eden space 227328K, 0% used [0x00000000d6700000,0x00000000d6700000,0x00000000e4500000)
  from space 226816K, 51% used [0x00000000f2280000,0x00000000f944a060,0x0000000100000000)
  to   space 226816K, 0% used [0x00000000e4500000,0x00000000e4500000,0x00000000f2280000)
 ParOldGen       total 838656K, used 737497K [0x0000000083400000, 0x00000000b6700000, 0x00000000d6700000)
  object space 838656K, 87% used [0x0000000083400000,0x00000000b04364c0,0x00000000b6700000)
 Metaspace       used 3538K, capacity 4664K, committed 4864K, reserved 1056768K
  class space    used 366K, capacity 424K, committed 512K, reserved 1048576K
}
Event: 14.279 GC heap before
{Heap before GC invocations=31 (full 4):
 PSYoungGen      total 454144K, used 343811K [0x00000000d6700000, 0x0000000100000000, 0x0000000100000000)
  eden space 227328K, 99% used [0x00000000d6700000,0x00000000e44f6d40,0x00000000e4500000)
  from space 226816K, 51% used [0x00000000f2280000,0x00000000f944a060,0x0000000100000000)
  to   space 226816K, 0% used [0x00000000e4500000,0x00000000e4500000,0x00000000f2280000)
 ParOldGen       total 838656K, used 737497K [0x0000000083400000, 0x00000000b6700000, 0x00000000d6700000)
  object space 838656K, 87% used [0x0000000083400000,0x00000000b04364c0,0x00000000b6700000)
 Metaspace       used 3538K, capacity 4664K, committed 4864K, reserved 1056768K
  class space    used 366K, capacity 424K, committed 512K, reserved 1048576K
Event: 14.349 GC heap after
Heap after GC invocations=31 (full 4):
 PSYoungGen      total 454144K, used 212K [0x00000000d6700000, 0x0000000100000000, 0x0000000100000000)
  eden space 227328K, 0% used [0x00000000d6700000,0x00000000d6700000,0x00000000e4500000)
  from space 226816K, 0% used [0x00000000e4500000,0x00000000e45352e0,0x00000000f2280000)
  to   space 226816K, 0% used [0x00000000f2280000,0x00000000f2280000,0x0000000100000000)
 ParOldGen       total 854528K, used 854009K [0x0000000083400000, 0x00000000b7680000, 0x00000000d6700000)
  object space 854528K, 99% used [0x0000000083400000,0x00000000b75fe4d0,0x00000000b7680000)
 Metaspace       used 3538K, capacity 4664K, committed 4864K, reserved 1056768K
  class space    used 366K, capacity 424K, committed 512K, reserved 1048576K
}
Event: 14.349 GC heap before
{Heap before GC invocations=32 (full 5):
 PSYoungGen      total 454144K, used 212K [0x00000000d6700000, 0x0000000100000000, 0x0000000100000000)
  eden space 227328K, 0% used [0x00000000d6700000,0x00000000d6700000,0x00000000e4500000)
  from space 226816K, 0% used [0x00000000e4500000,0x00000000e45352e0,0x00000000f2280000)
  to   space 226816K, 0% used [0x00000000f2280000,0x00000000f2280000,0x0000000100000000)
 ParOldGen       total 854528K, used 854009K [0x0000000083400000, 0x00000000b7680000, 0x00000000d6700000)
  object space 854528K, 99% used [0x0000000083400000,0x00000000b75fe4d0,0x00000000b7680000)
 Metaspace       used 3538K, capacity 4664K, committed 4864K, reserved 1056768K
  class space    used 366K, capacity 424K, committed 512K, reserved 1048576K

Deoptimization events (10 events):
Event: 3.582 Thread 0x0000000003273000 Uncommon trap: reason=array_check action=maybe_recompile pc=0x00000000034cd6bc method=java.util.AbstractCollection.toArray([Ljava/lang/Object;)[Ljava/lang/Object; @ 119
Event: 6.317 Thread 0x0000000003273000 Uncommon trap: reason=unstable_if action=reinterpret pc=0x00000000034c7e30 method=java.io.BufferedReader.readLine(Z)Ljava/lang/String; @ 55
Event: 6.323 Thread 0x0000000003273000 Uncommon trap: reason=unstable_if action=reinterpret pc=0x00000000034cae90 method=com.example.sat.formula.Literal.equals(Ljava/lang/Object;)Z @ 2
Event: 6.326 Thread 0x0000000003273000 Uncommon trap: reason=class_check action=maybe_recompile pc=0x00000000034b9aac method=com.example.immutable.ImListMap.put(Lcom/example/immutable/ImList;Ljava/lang/Object;Ljava/lang/Object;)Lcom/example/immutable/ImList; @ 44
Event: 6.327 Thread 0x0000000003273000 Uncommon trap: reason=class_check action=maybe_recompile pc=0x00000000034b9aac method=com.example.immutable.ImListMap.put(Lcom/example/immutable/ImList;Ljava/lang/Object;Ljava/lang/Object;)Lcom/example/immutable/ImList; @ 44
Event: 6.327 Thread 0x0000000003273000 Uncommon trap: reason=class_check action=maybe_recompile pc=0x00000000034b9aac method=com.example.immutable.ImListMap.put(Lcom/example/immutable/ImList;Ljava/lang/Object;Ljava/lang/Object;)Lcom/example/immutable/ImList; @ 44
Event: 6.328 Thread 0x0000000003273000 Uncommon trap: reason=class_check action=maybe_recompile pc=0x00000000034b9aac method=com.example.immutable.ImListMap.put(Lcom/example/immutable/ImList;Ljava/lang/Object;Ljava/lang/Object;)Lcom/example/immutable/ImList; @ 44
Event: 6.330 Thread 0x0000000003273000 Uncommon trap: reason=unstable_if action=reinterpret pc=0x00000000034fa374 method=com.example.sat.formula.Clause.reduce(Lcom/example/immutable/ImList;Lcom/example/sat/formula/Literal;)Lcom/example/immutable/ImList; @ 46
Event: 6.330 Thread 0x0000000003273000 Uncommon trap: reason=unstable_if action=reinterpret pc=0x00000000034f86d8 method=com.example.sat.formula.Clause.reduce(Lcom/example/immutable/ImList;Lcom/example/sat/formula/Literal;)Lcom/example/immutable/ImList; @ 33
Event: 13.380 Thread 0x0000000003273000 Uncommon trap: reason=class_check action=maybe_recompile pc=0x0000000003510aec method=com.example.sat.SATSolver.solve(Lcom/example/immutable/ImList;Lcom/example/sat/env/Environment;)Lcom/example/sat/env/Environment; @ 1

Classes redefined (0 events):
No events

Internal exceptions (2 events):
Event: 0.031 Thread 0x0000000003273000 Exception <a 'java/lang/NoSuchMethodError': Method sun.misc.Unsafe.defineClass(Ljava/lang/String;[BII)Ljava/lang/Class; name or signature does not match> (0x00000000d6707ca8) thrown at [D:\src\AOSP-openjdk-cygwin\jdk8u\hotspot\src\share\vm\prims\jni.cpp, 
Event: 0.031 Thread 0x0000000003273000 Exception <a 'java/lang/NoSuchMethodError': Method sun.misc.Unsafe.prefetchRead(Ljava/lang/Object;J)V name or signature does not match> (0x00000000d6707f90) thrown at [D:\src\AOSP-openjdk-cygwin\jdk8u\hotspot\src\share\vm\prims\jni.cpp, line 4011]

Events (10 events):
Event: 13.768 Executing VM operation: ParallelGCFailedAllocation done
Event: 13.788 Executing VM operation: ParallelGCFailedAllocation
Event: 13.910 Executing VM operation: ParallelGCFailedAllocation done
Event: 13.929 Executing VM operation: ParallelGCFailedAllocation
Event: 14.044 Executing VM operation: ParallelGCFailedAllocation done
Event: 14.064 Executing VM operation: ParallelGCFailedAllocation
Event: 14.168 Executing VM operation: ParallelGCFailedAllocation done
Event: 14.188 Executing VM operation: ParallelGCFailedAllocation
Event: 14.258 Executing VM operation: ParallelGCFailedAllocation done
Event: 14.279 Executing VM operation: ParallelGCFailedAllocation


Dynamic libraries:
0x00007ff7e8270000 - 0x00007ff7e82a1000 	C:\Program Files\Android\Android Studio\jre\bin\java.exe
0x00007ffa91260000 - 0x00007ffa91441000 	C:\WINDOWS\SYSTEM32\ntdll.dll
0x00007ffa90e00000 - 0x00007ffa90eb2000 	C:\WINDOWS\System32\KERNEL32.DLL
0x00007ffa8d8a0000 - 0x00007ffa8db13000 	C:\WINDOWS\System32\KERNELBASE.dll
0x00007ffa90d50000 - 0x00007ffa90df1000 	C:\WINDOWS\System32\ADVAPI32.dll
0x00007ffa90ed0000 - 0x00007ffa90f6e000 	C:\WINDOWS\System32\msvcrt.dll
0x00007ffa8e970000 - 0x00007ffa8e9cb000 	C:\WINDOWS\System32\sechost.dll
0x00007ffa91100000 - 0x00007ffa91224000 	C:\WINDOWS\System32\RPCRT4.dll
0x00007ffa8f150000 - 0x00007ffa8f2e0000 	C:\WINDOWS\System32\USER32.dll
0x00007ffa8e6d0000 - 0x00007ffa8e6f0000 	C:\WINDOWS\System32\win32u.dll
0x00007ffa8f2e0000 - 0x00007ffa8f308000 	C:\WINDOWS\System32\GDI32.dll
0x00007ffa8d700000 - 0x00007ffa8d892000 	C:\WINDOWS\System32\gdi32full.dll
0x00007ffa8dd10000 - 0x00007ffa8ddaf000 	C:\WINDOWS\System32\msvcp_win.dll
0x00007ffa8de60000 - 0x00007ffa8df5a000 	C:\WINDOWS\System32\ucrtbase.dll
0x00007ffa7c1e0000 - 0x00007ffa7c449000 	C:\WINDOWS\WinSxS\amd64_microsoft.windows.common-controls_6595b64144ccf1df_6.0.17134.345_none_fb429a5930656358\COMCTL32.dll
0x00007ffa8ee20000 - 0x00007ffa8f143000 	C:\WINDOWS\System32\combase.dll
0x00007ffa8d630000 - 0x00007ffa8d6aa000 	C:\WINDOWS\System32\bcryptPrimitives.dll
0x00007ffa90fe0000 - 0x00007ffa9100d000 	C:\WINDOWS\System32\IMM32.DLL
0x0000000067480000 - 0x0000000067552000 	C:\Program Files\Android\Android Studio\jre\jre\bin\msvcr100.dll
0x0000000067640000 - 0x0000000067e7f000 	C:\Program Files\Android\Android Studio\jre\jre\bin\server\jvm.dll
0x00007ffa90840000 - 0x00007ffa90848000 	C:\WINDOWS\System32\PSAPI.DLL
0x00007ffa88970000 - 0x00007ffa88993000 	C:\WINDOWS\SYSTEM32\WINMM.dll
0x00007ffa8b130000 - 0x00007ffa8b139000 	C:\WINDOWS\SYSTEM32\WSOCK32.dll
0x00007ffa881b0000 - 0x00007ffa881ba000 	C:\WINDOWS\SYSTEM32\VERSION.dll
0x00007ffa90ce0000 - 0x00007ffa90d4c000 	C:\WINDOWS\System32\WS2_32.dll
0x00007ffa886e0000 - 0x00007ffa8870a000 	C:\WINDOWS\SYSTEM32\WINMMBASE.dll
0x00007ffa8d6b0000 - 0x00007ffa8d6f9000 	C:\WINDOWS\System32\cfgmgr32.dll
0x00007ffa8b120000 - 0x00007ffa8b12f000 	C:\Program Files\Android\Android Studio\jre\jre\bin\verify.dll
0x00007ffa76cb0000 - 0x00007ffa76cd9000 	C:\Program Files\Android\Android Studio\jre\jre\bin\java.dll
0x00007ffa87df0000 - 0x00007ffa87e06000 	C:\Program Files\Android\Android Studio\jre\jre\bin\zip.dll
0x00007ffa8f400000 - 0x00007ffa9083f000 	C:\WINDOWS\System32\SHELL32.dll
0x00007ffa908b0000 - 0x00007ffa90959000 	C:\WINDOWS\System32\shcore.dll
0x00007ffa8df60000 - 0x00007ffa8e66d000 	C:\WINDOWS\System32\windows.storage.dll
0x00007ffa90f80000 - 0x00007ffa90fd1000 	C:\WINDOWS\System32\shlwapi.dll
0x00007ffa8d5d0000 - 0x00007ffa8d5e1000 	C:\WINDOWS\System32\kernel.appcore.dll
0x00007ffa8d5f0000 - 0x00007ffa8d60f000 	C:\WINDOWS\System32\profapi.dll
0x00007ffa8d580000 - 0x00007ffa8d5cc000 	C:\WINDOWS\System32\powrprof.dll
0x00007ffa8d570000 - 0x00007ffa8d57a000 	C:\WINDOWS\System32\FLTLIB.DLL
0x00007ffa6bf00000 - 0x00007ffa6bf1a000 	C:\Program Files\Android\Android Studio\bin\breakgen64.dll
0x00007ffa7c040000 - 0x00007ffa7c05a000 	C:\Program Files\Android\Android Studio\jre\jre\bin\net.dll
0x00007ffa8cdf0000 - 0x00007ffa8ce56000 	C:\WINDOWS\system32\mswsock.dll
0x00007ffa6a480000 - 0x00007ffa6a649000 	C:\WINDOWS\SYSTEM32\dbghelp.dll

VM Arguments:
jvm_args: -Didea.launcher.port=57028 -Didea.launcher.bin.path=C:\Program Files\Android\Android Studio\bin -Dfile.encoding=UTF-8 
java_command: com.intellij.rt.execution.application.AppMainV2 com.example.sat.SATSolverTest
java_class_path (initial): C:\Android\Sdk\platforms\android-26\android.jar;C:\Android\Sdk\platforms\android-26\data\res;C:\Users\Windows 10\AndroidStudioProjects\java2d\app\build\intermediates\classes\debug;C:\Users\Windows 10\AndroidStudioProjects\java2d\app\build\generated\res\rs\debug;C:\Users\Windows 10\AndroidStudioProjects\java2d\app\build\generated\res\resValues\debug;C:\Users\Windows 10\.gradle\caches\transforms-1\files-1.1\animated-vector-drawable-26.1.0.aar\17bbf2ef0efebb39102ce519c99c24c6\jars\classes.jar;C:\Users\Windows 10\.gradle\caches\transforms-1\files-1.1\appcompat-v7-26.1.0.aar\a1771fc2ac55eaeafdf625236cedaae1\res;C:\Users\Windows 10\.gradle\caches\transforms-1\files-1.1\appcompat-v7-26.1.0.aar\a1771fc2ac55eaeafdf625236cedaae1\jars\classes.jar;C:\Users\Windows 10\.gradle\caches\transforms-1\files-1.1\support-fragment-26.1.0.aar\66610e0cf1ee8d35ac62b8fc7fc82ac2\jars\classes.jar;C:\Users\Windows 10\.gradle\caches\modules-2\files-2.1\android.arch.core\common\1.0.0\a2d487452376193fc8c103dd2b9bd5f2b1b44563\common-1.0.0.jar;C:\Users\Windows 10\.gradle\caches\transforms-1\files-1.1\support-media-compat-26.1.0.aar\722120ef91f369387ee79a0a0ff984dd\res;C:\Users\Windows 10\.gradle\caches\transforms-1\files-1.1\support-media-compat-26.1.0.aar\722120ef91f369387ee79a0a0ff984dd\jars\classes.jar;C:\Users\Windows 10\.gradle\caches\modules-2\files-2.1\com.android.support\support-annotations\26.1.0\814258103cf26a15fcc26ecce35f5b7d24b73f8\support-annotations-26.1.0.jar;C:\Users\Windows 10\.gradle\caches\transforms-1\files-1.1\support-v4-26.1.0.aar\a8f10a3ba36912e11e2a9542e3d24413\jars\classes.jar;C:\Users\Windows 10\.gradle\caches\transforms-1\files-1.1\support-compat-26.1.0.aar\173bd59111d7f0294de3a473b5629680\jars\classes.jar;C:\Users\Windows 10\.gradle\caches\transforms-1\files-1.1\support-compat-26.1.0.aar\173bd59111d7f0294de3a473b5629680\res;C:\Users\Windows 10\.gradle\caches\modules-2\files-2.1\android.arch.lifecycle\common\1.0.0\e414a4cb28434e25c4f6aa71426eb
Launcher Type: SUN_STANDARD

Environment Variables:
PATH=C:\Program Files (x86)\Common Files\Oracle\Java\javapath;C:\WINDOWS\system32;C:\WINDOWS;C:\WINDOWS\System32\Wbem;C:\WINDOWS\System32\WindowsPowerShell\v1.0\;C:\WINDOWS\System32\OpenSSH\;C:\Program Files (x86)\Calibre2\;C:\Program Files\Microsoft VS Code\bin;C:\Users\Windows 10\Anaconda3;C:\Users\Windows 10\Anaconda3\Library\mingw-w64\bin;C:\Users\Windows 10\Anaconda3\Library\usr\bin;C:\Users\Windows 10\Anaconda3\Library\bin;C:\Users\Windows 10\Anaconda3\Scripts;C:\Users\Windows 10\AppData\Local\Microsoft\WindowsApps
USERNAME=Windows 10
OS=Windows_NT
PROCESSOR_IDENTIFIER=Intel64 Family 6 Model 94 Stepping 3, GenuineIntel



---------------  S Y S T E M  ---------------

OS: Windows 10.0 , 64 bit Build 17134 (10.0.17134.1)

CPU:total 8 (initial active 8) (4 cores per cpu, 2 threads per core) family 6 model 94 stepping 3, cmov, cx8, fxsr, mmx, sse, sse2, sse3, ssse3, sse4.1, sse4.2, popcnt, avx, avx2, aes, clmul, erms, rtm, 3dnowpref, lzcnt, ht, tsc, tscinvbit, bmi1, bmi2, adx

Memory: 4k page, physical 8175468k(2497176k free), swap 9631468k(2268428k free)

vm_info: OpenJDK 64-Bit Server VM (25.152-b02) for windows-amd64 JRE (1.8.0_152-release-1024-b02), built by "builder" with MS VC++ 10.0 (VS2010)

time: Tue Oct 16 17:06:34 2018
elapsed time: 14 seconds (0d 0h 0m 14s)

