#
# A fatal error has been detected by the Java Runtime Environment:
#
#  EXCEPTION_ACCESS_VIOLATION (0xc0000005) at pc=0x000000006772f33b, pid=16584, tid=0x00000000000049d8
#
# JRE version: OpenJDK Runtime Environment (8.0_152-b02) (build 1.8.0_152-release-1024-b02)
# Java VM: OpenJDK 64-Bit Server VM (25.152-b02 mixed mode windows-amd64 compressed oops)
# Problematic frame:
# V  [jvm.dll+0xef33b]
#
# Failed to write core dump. Minidumps are not enabled by default on client versions of Windows
#
# If you would like to submit a bug report, please visit:
#   http://bugreport.java.com/bugreport/crash.jsp
#

---------------  T H R E A D  ---------------

Current thread (0x0000000002b90000):  GCTaskThread [stack: 0x0000000012bc0000,0x0000000012cc0000] [id=18904]

siginfo: ExceptionCode=0xc0000005, reading address 0x000000044b701fc8

Registers:
RAX=0x0000000012ec0000, RBX=0x000000008977ed20, RCX=0x0000000000000003, RDX=0x0000000000000001
RSP=0x0000000012cbf8a0, RBP=0x00000000921c8a90, RSI=0x0000000002c65480, RDI=0x0000000002c65480
R8 =0x000000044b701fc0, R9 =0x0000000100062028, R10=0x000000000000000c, R11=0x0000000067c08848
R12=0x00000000921c8a98, R13=0x00000001000622d8, R14=0x00000001000622e0, R15=0x00000000921c8a80
RIP=0x000000006772f33b, EFLAGS=0x0000000000010206

Top of Stack: (sp=0x0000000012cbf8a0)
0x0000000012cbf8a0:   0000000100062028 00000000921c8a7c
0x0000000012cbf8b0:   0000000000000003 0000000067835f72
0x0000000012cbf8c0:   0000000000000000 0000000002b905d0
0x0000000012cbf8d0:   0000000002b83ae0 0000000000000005
0x0000000012cbf8e0:   0000000000000d11 0000000067a04030
0x0000000012cbf8f0:   00000000189f98c8 0000000000000000
0x0000000012cbf900:   0000000002c65480 0000000067c548c8
0x0000000012cbf910:   00000000db841f60 0000000067a07f68
0x0000000012cbf920:   0000000067e04970 0000000000000003
0x0000000012cbf930:   0000000000000000 000cb80f00000010
0x0000000012cbf940:   00000000db841df0 000000006772f3d6
0x0000000012cbf950:   00000000db841f60 0000000002b83ae0
0x0000000012cbf960:   0000000002b905e0 0000000002b905d0
0x0000000012cbf970:   0000000067c548c8 0000000000000005
0x0000000012cbf980:   0000000019b01670 0000000000000000
0x0000000012cbf990:   0000000002c65480 0000000067a0199f 

Instructions: (pc=0x000000006772f33b)
0x000000006772f31b:   6c 00 84 d2 74 16 44 8b 43 08 8b 0d 2d c3 66 00
0x000000006772f32b:   49 d3 e0 4c 03 05 1b c3 66 00 eb 04 4c 8b 43 08
0x000000006772f33b:   45 8b 48 08 45 85 c9 7e 0c 41 f6 c1 01 75 4b 41
0x000000006772f34b:   c1 f9 03 eb 57 79 43 84 d2 41 8b c9 b8 10 00 00 


Register to memory mapping:

RAX=0x0000000012ec0000 is an unknown value
RBX=0x000000008977ed20 is pointing into object: 0x000000008977ed18
com.example.immutable.NonEmptyImList 
 - klass: 'com/example/immutable/NonEmptyImList'
RCX=0x0000000000000003 is an unknown value
RDX=0x0000000000000001 is an unknown value
RSP=0x0000000012cbf8a0 is an unknown value
RBP=0x00000000921c8a90 is pointing into object: 0x00000000921c8a80
com.example.immutable.NonEmptyImList 
 - klass: 'com/example/immutable/NonEmptyImList'
RSI=0x0000000002c65480 is an unknown value
RDI=0x0000000002c65480 is an unknown value
R8 =0x000000044b701fc0 is an unknown value
R9 =0x0000000100062028 is pointing into metadata
R10=0x000000000000000c is an unknown value
R11=0x0000000067c08848 is an unknown value
R12=0x00000000921c8a98 is an oop
com.example.immutable.NonEmptyImList 
 - klass: 'com/example/immutable/NonEmptyImList'
R13=0x00000001000622d8 is pointing into metadata
R14=0x00000001000622e0 is pointing into metadata
R15=0x00000000921c8a80 is an oop
com.example.immutable.NonEmptyImList 
 - klass: 'com/example/immutable/NonEmptyImList'


Stack: [0x0000000012bc0000,0x0000000012cc0000],  sp=0x0000000012cbf8a0,  free space=1022k
Native frames: (J=compiled Java code, j=interpreted, Vv=VM code, C=native code)
V  [jvm.dll+0xef33b]
V  [jvm.dll+0x3c4030]
V  [jvm.dll+0x3c199f]
V  [jvm.dll+0x3beb9e]
V  [jvm.dll+0x26d7ea]
C  [msvcr100.dll+0x21d9f]
C  [msvcr100.dll+0x21e3b]
C  [KERNEL32.DLL+0x13034]
C  [ntdll.dll+0x71461]


---------------  P R O C E S S  ---------------

Java Threads: ( => current thread )
  0x0000000019b77800 JavaThread "Monitor Ctrl-Break" daemon [_thread_in_native, id=140, stack(0x000000001a7d0000,0x000000001a8d0000)]
  0x0000000019b09800 JavaThread "Service Thread" daemon [_thread_blocked, id=18636, stack(0x000000001a5d0000,0x000000001a6d0000)]
  0x0000000019a85800 JavaThread "C1 CompilerThread3" daemon [_thread_blocked, id=18680, stack(0x000000001a4d0000,0x000000001a5d0000)]
  0x0000000019a76800 JavaThread "C2 CompilerThread2" daemon [_thread_blocked, id=1392, stack(0x000000001a3d0000,0x000000001a4d0000)]
  0x0000000019a74800 JavaThread "C2 CompilerThread1" daemon [_thread_blocked, id=12556, stack(0x000000001a2d0000,0x000000001a3d0000)]
  0x0000000019a70800 JavaThread "C2 CompilerThread0" daemon [_thread_blocked, id=9908, stack(0x000000001a1d0000,0x000000001a2d0000)]
  0x0000000017b0e000 JavaThread "Attach Listener" daemon [_thread_blocked, id=15352, stack(0x000000001a0d0000,0x000000001a1d0000)]
  0x0000000019a1e000 JavaThread "Signal Dispatcher" daemon [_thread_blocked, id=6648, stack(0x0000000019fd0000,0x000000001a0d0000)]
  0x0000000019a00800 JavaThread "Finalizer" daemon [_thread_blocked, id=16636, stack(0x0000000019de0000,0x0000000019ee0000)]
  0x0000000002c66000 JavaThread "Reference Handler" daemon [_thread_blocked, id=15984, stack(0x00000000198e0000,0x00000000199e0000)]
  0x0000000002b73000 JavaThread "main" [_thread_blocked, id=16972, stack(0x00000000026a0000,0x00000000027a0000)]

Other Threads:
  0x0000000017af5800 VMThread [stack: 0x00000000197e0000,0x00000000198e0000] [id=9424]
  0x0000000019b1a800 WatcherThread [stack: 0x000000001a6d0000,0x000000001a7d0000] [id=10912]

=>0x0000000002b90000 (exited) GCTaskThread [stack: 0x0000000012bc0000,0x0000000012cc0000] [id=18904]

VM state:at safepoint (normal execution)

VM Mutex/Monitor currently owned by a thread:  ([mutex/lock_event])
[0x00000000027bde00] Threads_lock - owner thread: 0x0000000017af5800
[0x00000000027be780] Heap_lock - owner thread: 0x0000000002b73000

Heap:
 PSYoungGen      total 83456K, used 5120K [0x00000000d6700000, 0x00000000e7980000, 0x0000000100000000)
  eden space 78336K, 0% used [0x00000000d6700000,0x00000000d6700000,0x00000000db380000)
  from space 5120K, 100% used [0x00000000db380000,0x00000000db880000,0x00000000db880000)
  to   space 95232K, 0% used [0x00000000e1c80000,0x00000000e1c80000,0x00000000e7980000)
 ParOldGen       total 297472K, used 263674K [0x0000000083400000, 0x0000000095680000, 0x00000000d6700000)
  object space 297472K, 88% used [0x0000000083400000,0x000000009357e9c0,0x0000000095680000)
 Metaspace       used 3463K, capacity 4600K, committed 4864K, reserved 1056768K
  class space    used 360K, capacity 424K, committed 512K, reserved 1048576K

Card table byte_map: [0x0000000012030000,0x0000000012420000] byte_map_base: 0x0000000011c16000

Marking Bits: (ParMarkBitMap*) 0x0000000067e04970
 Begin Bits: [0x0000000012ec0000, 0x0000000014df0000)
 End Bits:   [0x0000000014df0000, 0x0000000016d20000)

Polling page: 0x00000000008e0000

CodeCache: size=245760Kb used=1437Kb max_used=1451Kb free=244322Kb
 bounds [0x0000000002c70000, 0x0000000002ee0000, 0x0000000011c70000]
 total_blobs=413 nmethods=159 adapters=168
 compilation: enabled

Compilation events (10 events):
Event: 3.376 Thread 0x0000000019a85800  155       3       java.nio.CharBuffer::arrayOffset (35 bytes)
Event: 3.377 Thread 0x0000000019a85800 nmethod 155 0x0000000002dc36d0 code [0x0000000002dc3860, 0x0000000002dc3b18]
Event: 3.377 Thread 0x0000000019a85800  156 %     3       sun.nio.cs.UTF_8$Decoder::decodeArrayLoop @ 73 (691 bytes)
Event: 3.381 Thread 0x0000000019a85800 nmethod 156% 0x0000000002dcc210 code [0x0000000002dccbc0, 0x0000000002dd3608]
Event: 3.395 Thread 0x0000000019a74800  157       4       java.util.AbstractCollection::toArray (147 bytes)
Event: 3.401 Thread 0x0000000019a74800 nmethod 157 0x0000000002dc2d50 code [0x0000000002dc2ea0, 0x0000000002dc3318]
Event: 3.419 Thread 0x0000000019a70800  158       4       java.util.AbstractCollection::toArray (147 bytes)
Event: 3.428 Thread 0x0000000019a70800 nmethod 158 0x0000000002dda950 code [0x0000000002ddaac0, 0x0000000002ddb098]
Event: 3.445 Thread 0x0000000019a76800  159       4       java.util.AbstractCollection::toArray (147 bytes)
Event: 3.458 Thread 0x0000000019a76800 nmethod 159 0x0000000002ddb650 code [0x0000000002ddb7c0, 0x0000000002ddc238]

GC Heap History (10 events):
Event: 1.998 GC heap after
Heap after GC invocations=3 (full 1):
 PSYoungGen      total 70656K, used 0K [0x00000000d6700000, 0x00000000db100000, 0x0000000100000000)
  eden space 65536K, 0% used [0x00000000d6700000,0x00000000d6700000,0x00000000da700000)
  from space 5120K, 0% used [0x00000000dac00000,0x00000000dac00000,0x00000000db100000)
  to   space 5120K, 0% used [0x00000000da700000,0x00000000da700000,0x00000000dac00000)
 ParOldGen       total 155136K, used 62528K [0x0000000083400000, 0x000000008cb80000, 0x00000000d6700000)
  object space 155136K, 40% used [0x0000000083400000,0x0000000087110198,0x000000008cb80000)
 Metaspace       used 3451K, capacity 4600K, committed 4864K, reserved 1056768K
  class space    used 360K, capacity 424K, committed 512K, reserved 1048576K
}
Event: 2.118 GC heap before
{Heap before GC invocations=4 (full 1):
 PSYoungGen      total 70656K, used 65536K [0x00000000d6700000, 0x00000000db100000, 0x0000000100000000)
  eden space 65536K, 100% used [0x00000000d6700000,0x00000000da700000,0x00000000da700000)
  from space 5120K, 0% used [0x00000000dac00000,0x00000000dac00000,0x00000000db100000)
  to   space 5120K, 0% used [0x00000000da700000,0x00000000da700000,0x00000000dac00000)
 ParOldGen       total 155136K, used 62528K [0x0000000083400000, 0x000000008cb80000, 0x00000000d6700000)
  object space 155136K, 40% used [0x0000000083400000,0x0000000087110198,0x000000008cb80000)
 Metaspace       used 3451K, capacity 4600K, committed 4864K, reserved 1056768K
  class space    used 360K, capacity 424K, committed 512K, reserved 1048576K
Event: 2.180 GC heap after
Heap after GC invocations=4 (full 1):
 PSYoungGen      total 70656K, used 5120K [0x00000000d6700000, 0x00000000dbd80000, 0x0000000100000000)
  eden space 65536K, 0% used [0x00000000d6700000,0x00000000d6700000,0x00000000da700000)
  from space 5120K, 100% used [0x00000000da700000,0x00000000dac00000,0x00000000dac00000)
  to   space 5120K, 0% used [0x00000000db880000,0x00000000db880000,0x00000000dbd80000)
 ParOldGen       total 155136K, used 122744K [0x0000000083400000, 0x000000008cb80000, 0x00000000d6700000)
  object space 155136K, 79% used [0x0000000083400000,0x000000008abde198,0x000000008cb80000)
 Metaspace       used 3451K, capacity 4600K, committed 4864K, reserved 1056768K
  class space    used 360K, capacity 424K, committed 512K, reserved 1048576K
}
Event: 2.180 GC heap before
{Heap before GC invocations=5 (full 2):
 PSYoungGen      total 70656K, used 5120K [0x00000000d6700000, 0x00000000dbd80000, 0x0000000100000000)
  eden space 65536K, 0% used [0x00000000d6700000,0x00000000d6700000,0x00000000da700000)
  from space 5120K, 100% used [0x00000000da700000,0x00000000dac00000,0x00000000dac00000)
  to   space 5120K, 0% used [0x00000000db880000,0x00000000db880000,0x00000000dbd80000)
 ParOldGen       total 155136K, used 122744K [0x0000000083400000, 0x000000008cb80000, 0x00000000d6700000)
  object space 155136K, 79% used [0x0000000083400000,0x000000008abde198,0x000000008cb80000)
 Metaspace       used 3451K, capacity 4600K, committed 4864K, reserved 1056768K
  class space    used 360K, capacity 424K, committed 512K, reserved 1048576K
Event: 3.161 GC heap after
Heap after GC invocations=5 (full 2):
 PSYoungGen      total 70656K, used 0K [0x00000000d6700000, 0x00000000dbd80000, 0x0000000100000000)
  eden space 65536K, 0% used [0x00000000d6700000,0x00000000d6700000,0x00000000da700000)
  from space 5120K, 0% used [0x00000000da700000,0x00000000da700000,0x00000000dac00000)
  to   space 5120K, 0% used [0x00000000db880000,0x00000000db880000,0x00000000dbd80000)
 ParOldGen       total 297472K, used 127586K [0x0000000083400000, 0x0000000095680000, 0x00000000d6700000)
  object space 297472K, 42% used [0x0000000083400000,0x000000008b0989c0,0x0000000095680000)
 Metaspace       used 3451K, capacity 4600K, committed 4864K, reserved 1056768K
  class space    used 360K, capacity 424K, committed 512K, reserved 1048576K
}
Event: 3.276 GC heap before
{Heap before GC invocations=6 (full 2):
 PSYoungGen      total 70656K, used 65536K [0x00000000d6700000, 0x00000000dbd80000, 0x0000000100000000)
  eden space 65536K, 100% used [0x00000000d6700000,0x00000000da700000,0x00000000da700000)
  from space 5120K, 0% used [0x00000000da700000,0x00000000da700000,0x00000000dac00000)
  to   space 5120K, 0% used [0x00000000db880000,0x00000000db880000,0x00000000dbd80000)
 ParOldGen       total 297472K, used 127586K [0x0000000083400000, 0x0000000095680000, 0x00000000d6700000)
  object space 297472K, 42% used [0x0000000083400000,0x000000008b0989c0,0x0000000095680000)
 Metaspace       used 3451K, capacity 4600K, committed 4864K, reserved 1056768K
  class space    used 360K, capacity 424K, committed 512K, reserved 1048576K
Event: 3.337 GC heap after
Heap after GC invocations=6 (full 2):
 PSYoungGen      total 80896K, used 5120K [0x00000000d6700000, 0x00000000dbd80000, 0x0000000100000000)
  eden space 75776K, 0% used [0x00000000d6700000,0x00000000d6700000,0x00000000db100000)
  from space 5120K, 100% used [0x00000000db880000,0x00000000dbd80000,0x00000000dbd80000)
  to   space 5120K, 0% used [0x00000000db380000,0x00000000db380000,0x00000000db880000)
 ParOldGen       total 297472K, used 187914K [0x0000000083400000, 0x0000000095680000, 0x00000000d6700000)
  object space 297472K, 63% used [0x0000000083400000,0x000000008eb829c0,0x0000000095680000)
 Metaspace       used 3451K, capacity 4600K, committed 4864K, reserved 1056768K
  class space    used 360K, capacity 424K, committed 512K, reserved 1048576K
}
Event: 3.476 GC heap before
{Heap before GC invocations=7 (full 2):
 PSYoungGen      total 80896K, used 80896K [0x00000000d6700000, 0x00000000dbd80000, 0x0000000100000000)
  eden space 75776K, 100% used [0x00000000d6700000,0x00000000db100000,0x00000000db100000)
  from space 5120K, 100% used [0x00000000db880000,0x00000000dbd80000,0x00000000dbd80000)
  to   space 5120K, 0% used [0x00000000db380000,0x00000000db380000,0x00000000db880000)
 ParOldGen       total 297472K, used 187914K [0x0000000083400000, 0x0000000095680000, 0x00000000d6700000)
  object space 297472K, 63% used [0x0000000083400000,0x000000008eb829c0,0x0000000095680000)
 Metaspace       used 3463K, capacity 4600K, committed 4864K, reserved 1056768K
  class space    used 360K, capacity 424K, committed 512K, reserved 1048576K
Event: 3.547 GC heap after
Heap after GC invocations=7 (full 2):
 PSYoungGen      total 83456K, used 5120K [0x00000000d6700000, 0x00000000e7980000, 0x0000000100000000)
  eden space 78336K, 0% used [0x00000000d6700000,0x00000000d6700000,0x00000000db380000)
  from space 5120K, 100% used [0x00000000db380000,0x00000000db880000,0x00000000db880000)
  to   space 95232K, 0% used [0x00000000e1c80000,0x00000000e1c80000,0x00000000e7980000)
 ParOldGen       total 297472K, used 263674K [0x0000000083400000, 0x0000000095680000, 0x00000000d6700000)
  object space 297472K, 88% used [0x0000000083400000,0x000000009357e9c0,0x0000000095680000)
 Metaspace       used 3463K, capacity 4600K, committed 4864K, reserved 1056768K
  class space    used 360K, capacity 424K, committed 512K, reserved 1048576K
}
Event: 3.547 GC heap before
{Heap before GC invocations=8 (full 3):
 PSYoungGen      total 83456K, used 5120K [0x00000000d6700000, 0x00000000e7980000, 0x0000000100000000)
  eden space 78336K, 0% used [0x00000000d6700000,0x00000000d6700000,0x00000000db380000)
  from space 5120K, 100% used [0x00000000db380000,0x00000000db880000,0x00000000db880000)
  to   space 95232K, 0% used [0x00000000e1c80000,0x00000000e1c80000,0x00000000e7980000)
 ParOldGen       total 297472K, used 263674K [0x0000000083400000, 0x0000000095680000, 0x00000000d6700000)
  object space 297472K, 88% used [0x0000000083400000,0x000000009357e9c0,0x0000000095680000)
 Metaspace       used 3463K, capacity 4600K, committed 4864K, reserved 1056768K
  class space    used 360K, capacity 424K, committed 512K, reserved 1048576K

Deoptimization events (5 events):
Event: 3.402 Thread 0x0000000002b73000 Uncommon trap: reason=predicate action=maybe_recompile pc=0x0000000002dc31b8 method=java.util.AbstractCollection.toArray([Ljava/lang/Object;)[Ljava/lang/Object; @ 49
Event: 3.428 Thread 0x0000000002b73000 Uncommon trap: reason=array_check action=maybe_recompile pc=0x0000000002ddae3c method=java.util.AbstractCollection.toArray([Ljava/lang/Object;)[Ljava/lang/Object; @ 119
Event: 3.428 Thread 0x0000000002b73000 Uncommon trap: reason=array_check action=maybe_recompile pc=0x0000000002ddae3c method=java.util.AbstractCollection.toArray([Ljava/lang/Object;)[Ljava/lang/Object; @ 119
Event: 3.429 Thread 0x0000000002b73000 Uncommon trap: reason=array_check action=maybe_recompile pc=0x0000000002ddae3c method=java.util.AbstractCollection.toArray([Ljava/lang/Object;)[Ljava/lang/Object; @ 119
Event: 3.429 Thread 0x0000000002b73000 Uncommon trap: reason=array_check action=maybe_recompile pc=0x0000000002ddae3c method=java.util.AbstractCollection.toArray([Ljava/lang/Object;)[Ljava/lang/Object; @ 119

Classes redefined (0 events):
No events

Internal exceptions (2 events):
Event: 0.051 Thread 0x0000000002b73000 Exception <a 'java/lang/NoSuchMethodError': Method sun.misc.Unsafe.defineClass(Ljava/lang/String;[BII)Ljava/lang/Class; name or signature does not match> (0x00000000d6707ca8) thrown at [D:\src\AOSP-openjdk-cygwin\jdk8u\hotspot\src\share\vm\prims\jni.cpp, 
Event: 0.051 Thread 0x0000000002b73000 Exception <a 'java/lang/NoSuchMethodError': Method sun.misc.Unsafe.prefetchRead(Ljava/lang/Object;J)V name or signature does not match> (0x00000000d6707f90) thrown at [D:\src\AOSP-openjdk-cygwin\jdk8u\hotspot\src\share\vm\prims\jni.cpp, line 4011]

Events (10 events):
Event: 3.428 Thread 0x0000000002b73000 Uncommon trap: trap_request=0xffffffd6 fr.pc=0x0000000002ddae3c
Event: 3.428 Thread 0x0000000002b73000 DEOPT PACKING pc=0x0000000002ddae3c sp=0x000000000279e730
Event: 3.428 Thread 0x0000000002b73000 DEOPT UNPACKING pc=0x0000000002cb557b sp=0x000000000279e6c8 mode 2
Event: 3.429 Thread 0x0000000002b73000 Uncommon trap: trap_request=0xffffffd6 fr.pc=0x0000000002ddae3c
Event: 3.429 Thread 0x0000000002b73000 DEOPT PACKING pc=0x0000000002ddae3c sp=0x000000000279e730
Event: 3.429 Thread 0x0000000002b73000 DEOPT UNPACKING pc=0x0000000002cb557b sp=0x000000000279e6c8 mode 2
Event: 3.429 Thread 0x0000000002b73000 Uncommon trap: trap_request=0xffffffd6 fr.pc=0x0000000002ddae3c
Event: 3.429 Thread 0x0000000002b73000 DEOPT PACKING pc=0x0000000002ddae3c sp=0x000000000279e730
Event: 3.429 Thread 0x0000000002b73000 DEOPT UNPACKING pc=0x0000000002cb557b sp=0x000000000279e6c8 mode 2
Event: 3.476 Executing VM operation: ParallelGCFailedAllocation


Dynamic libraries:
0x00007ff7e8270000 - 0x00007ff7e82a1000 	C:\Program Files\Android\Android Studio\jre\bin\java.exe
0x00007ffa91260000 - 0x00007ffa91441000 	C:\WINDOWS\SYSTEM32\ntdll.dll
0x00007ffa90e00000 - 0x00007ffa90eb2000 	C:\WINDOWS\System32\KERNEL32.DLL
0x00007ffa8d8a0000 - 0x00007ffa8db13000 	C:\WINDOWS\System32\KERNELBASE.dll
0x00007ffa90d50000 - 0x00007ffa90df1000 	C:\WINDOWS\System32\ADVAPI32.dll
0x00007ffa90ed0000 - 0x00007ffa90f6e000 	C:\WINDOWS\System32\msvcrt.dll
0x00007ffa8e970000 - 0x00007ffa8e9cb000 	C:\WINDOWS\System32\sechost.dll
0x00007ffa91100000 - 0x00007ffa91224000 	C:\WINDOWS\System32\RPCRT4.dll
0x00007ffa8f150000 - 0x00007ffa8f2e0000 	C:\WINDOWS\System32\USER32.dll
0x00007ffa8e6d0000 - 0x00007ffa8e6f0000 	C:\WINDOWS\System32\win32u.dll
0x00007ffa8f2e0000 - 0x00007ffa8f308000 	C:\WINDOWS\System32\GDI32.dll
0x00007ffa8d700000 - 0x00007ffa8d892000 	C:\WINDOWS\System32\gdi32full.dll
0x00007ffa8dd10000 - 0x00007ffa8ddaf000 	C:\WINDOWS\System32\msvcp_win.dll
0x00007ffa8de60000 - 0x00007ffa8df5a000 	C:\WINDOWS\System32\ucrtbase.dll
0x00007ffa7c1e0000 - 0x00007ffa7c449000 	C:\WINDOWS\WinSxS\amd64_microsoft.windows.common-controls_6595b64144ccf1df_6.0.17134.345_none_fb429a5930656358\COMCTL32.dll
0x00007ffa8ee20000 - 0x00007ffa8f143000 	C:\WINDOWS\System32\combase.dll
0x00007ffa8d630000 - 0x00007ffa8d6aa000 	C:\WINDOWS\System32\bcryptPrimitives.dll
0x00007ffa90fe0000 - 0x00007ffa9100d000 	C:\WINDOWS\System32\IMM32.DLL
0x0000000067090000 - 0x0000000067162000 	C:\Program Files\Android\Android Studio\jre\jre\bin\msvcr100.dll
0x0000000067640000 - 0x0000000067e7f000 	C:\Program Files\Android\Android Studio\jre\jre\bin\server\jvm.dll
0x00007ffa90840000 - 0x00007ffa90848000 	C:\WINDOWS\System32\PSAPI.DLL
0x00007ffa8b0b0000 - 0x00007ffa8b0b9000 	C:\WINDOWS\SYSTEM32\WSOCK32.dll
0x00007ffa881b0000 - 0x00007ffa881ba000 	C:\WINDOWS\SYSTEM32\VERSION.dll
0x00007ffa88970000 - 0x00007ffa88993000 	C:\WINDOWS\SYSTEM32\WINMM.dll
0x00007ffa90ce0000 - 0x00007ffa90d4c000 	C:\WINDOWS\System32\WS2_32.dll
0x00007ffa886e0000 - 0x00007ffa8870a000 	C:\WINDOWS\SYSTEM32\WINMMBASE.dll
0x00007ffa8d6b0000 - 0x00007ffa8d6f9000 	C:\WINDOWS\System32\cfgmgr32.dll
0x00007ffa89370000 - 0x00007ffa8937f000 	C:\Program Files\Android\Android Studio\jre\jre\bin\verify.dll
0x00007ffa76750000 - 0x00007ffa76779000 	C:\Program Files\Android\Android Studio\jre\jre\bin\java.dll
0x00007ffa79c70000 - 0x00007ffa79c86000 	C:\Program Files\Android\Android Studio\jre\jre\bin\zip.dll
0x00007ffa8f400000 - 0x00007ffa9083f000 	C:\WINDOWS\System32\SHELL32.dll
0x00007ffa908b0000 - 0x00007ffa90959000 	C:\WINDOWS\System32\shcore.dll
0x00007ffa8df60000 - 0x00007ffa8e66d000 	C:\WINDOWS\System32\windows.storage.dll
0x00007ffa90f80000 - 0x00007ffa90fd1000 	C:\WINDOWS\System32\shlwapi.dll
0x00007ffa8d5d0000 - 0x00007ffa8d5e1000 	C:\WINDOWS\System32\kernel.appcore.dll
0x00007ffa8d5f0000 - 0x00007ffa8d60f000 	C:\WINDOWS\System32\profapi.dll
0x00007ffa8d580000 - 0x00007ffa8d5cc000 	C:\WINDOWS\System32\powrprof.dll
0x00007ffa8d570000 - 0x00007ffa8d57a000 	C:\WINDOWS\System32\FLTLIB.DLL
0x00007ffa7c020000 - 0x00007ffa7c03a000 	C:\Program Files\Android\Android Studio\bin\breakgen64.dll
0x00007ffa6d940000 - 0x00007ffa6d95a000 	C:\Program Files\Android\Android Studio\jre\jre\bin\net.dll
0x00007ffa8cdf0000 - 0x00007ffa8ce56000 	C:\WINDOWS\system32\mswsock.dll
0x00007ffa6a480000 - 0x00007ffa6a649000 	C:\WINDOWS\SYSTEM32\dbghelp.dll

VM Arguments:
jvm_args: -Didea.launcher.port=56300 -Didea.launcher.bin.path=C:\Program Files\Android\Android Studio\bin -Dfile.encoding=UTF-8 
java_command: com.intellij.rt.execution.application.AppMainV2 com.example.sat.SATSolverTest
java_class_path (initial): C:\Android\Sdk\platforms\android-26\android.jar;C:\Android\Sdk\platforms\android-26\data\res;C:\Users\Windows 10\AndroidStudioProjects\java2d\app\build\intermediates\classes\debug;C:\Users\Windows 10\AndroidStudioProjects\java2d\app\build\generated\res\rs\debug;C:\Users\Windows 10\AndroidStudioProjects\java2d\app\build\generated\res\resValues\debug;C:\Users\Windows 10\.gradle\caches\transforms-1\files-1.1\animated-vector-drawable-26.1.0.aar\17bbf2ef0efebb39102ce519c99c24c6\jars\classes.jar;C:\Users\Windows 10\.gradle\caches\transforms-1\files-1.1\appcompat-v7-26.1.0.aar\a1771fc2ac55eaeafdf625236cedaae1\res;C:\Users\Windows 10\.gradle\caches\transforms-1\files-1.1\appcompat-v7-26.1.0.aar\a1771fc2ac55eaeafdf625236cedaae1\jars\classes.jar;C:\Users\Windows 10\.gradle\caches\transforms-1\files-1.1\support-fragment-26.1.0.aar\66610e0cf1ee8d35ac62b8fc7fc82ac2\jars\classes.jar;C:\Users\Windows 10\.gradle\caches\modules-2\files-2.1\android.arch.core\common\1.0.0\a2d487452376193fc8c103dd2b9bd5f2b1b44563\common-1.0.0.jar;C:\Users\Windows 10\.gradle\caches\transforms-1\files-1.1\support-media-compat-26.1.0.aar\722120ef91f369387ee79a0a0ff984dd\res;C:\Users\Windows 10\.gradle\caches\transforms-1\files-1.1\support-media-compat-26.1.0.aar\722120ef91f369387ee79a0a0ff984dd\jars\classes.jar;C:\Users\Windows 10\.gradle\caches\modules-2\files-2.1\com.android.support\support-annotations\26.1.0\814258103cf26a15fcc26ecce35f5b7d24b73f8\support-annotations-26.1.0.jar;C:\Users\Windows 10\.gradle\caches\transforms-1\files-1.1\support-v4-26.1.0.aar\a8f10a3ba36912e11e2a9542e3d24413\jars\classes.jar;C:\Users\Windows 10\.gradle\caches\transforms-1\files-1.1\support-compat-26.1.0.aar\173bd59111d7f0294de3a473b5629680\jars\classes.jar;C:\Users\Windows 10\.gradle\caches\transforms-1\files-1.1\support-compat-26.1.0.aar\173bd59111d7f0294de3a473b5629680\res;C:\Users\Windows 10\.gradle\caches\modules-2\files-2.1\android.arch.lifecycle\common\1.0.0\e414a4cb28434e25c4f6aa71426eb
Launcher Type: SUN_STANDARD

Environment Variables:
PATH=C:\Program Files (x86)\Common Files\Oracle\Java\javapath;C:\WINDOWS\system32;C:\WINDOWS;C:\WINDOWS\System32\Wbem;C:\WINDOWS\System32\WindowsPowerShell\v1.0\;C:\WINDOWS\System32\OpenSSH\;C:\Program Files (x86)\Calibre2\;C:\Program Files\Microsoft VS Code\bin;C:\Users\Windows 10\Anaconda3;C:\Users\Windows 10\Anaconda3\Library\mingw-w64\bin;C:\Users\Windows 10\Anaconda3\Library\usr\bin;C:\Users\Windows 10\Anaconda3\Library\bin;C:\Users\Windows 10\Anaconda3\Scripts;C:\Users\Windows 10\AppData\Local\Microsoft\WindowsApps
USERNAME=Windows 10
OS=Windows_NT
PROCESSOR_IDENTIFIER=Intel64 Family 6 Model 94 Stepping 3, GenuineIntel



---------------  S Y S T E M  ---------------

OS: Windows 10.0 , 64 bit Build 17134 (10.0.17134.1)

CPU:total 8 (initial active 8) (4 cores per cpu, 2 threads per core) family 6 model 94 stepping 3, cmov, cx8, fxsr, mmx, sse, sse2, sse3, ssse3, sse4.1, sse4.2, popcnt, avx, avx2, aes, clmul, erms, rtm, 3dnowpref, lzcnt, ht, tsc, tscinvbit, bmi1, bmi2, adx

Memory: 4k page, physical 8175468k(2206880k free), swap 12072928k(2762732k free)

vm_info: OpenJDK 64-Bit Server VM (25.152-b02) for windows-amd64 JRE (1.8.0_152-release-1024-b02), built by "builder" with MS VC++ 10.0 (VS2010)

time: Tue Oct 16 16:16:43 2018
elapsed time: 3 seconds (0d 0h 0m 3s)

